mode: set
github.com/fabioods/go-expert-call-weather/cmd/main.go:11.13,19.2 7 0
github.com/fabioods/go-expert-call-weather/configs/config.go:17.27,19.16 2 1
github.com/fabioods/go-expert-call-weather/configs/config.go:19.16,21.3 1 0
github.com/fabioods/go-expert-call-weather/configs/config.go:23.2,24.16 2 1
github.com/fabioods/go-expert-call-weather/configs/config.go:24.16,25.13 1 1
github.com/fabioods/go-expert-call-weather/configs/config.go:28.2,33.20 2 1
github.com/fabioods/go-expert-call-weather/configs/config.go:33.20,35.3 1 0
github.com/fabioods/go-expert-call-weather/configs/config.go:36.2,36.12 1 1
github.com/fabioods/go-expert-call-weather/pkg/trace/trace.go:11.27,21.2 5 0
github.com/fabioods/go-expert-call-weather/internal/infra/webserver/starter.go:7.65,11.2 1 0
github.com/fabioods/go-expert-call-weather/internal/infra/webserver/webserver.go:17.49,23.2 1 0
github.com/fabioods/go-expert-call-weather/internal/infra/webserver/webserver.go:25.71,27.2 1 0
github.com/fabioods/go-expert-call-weather/internal/infra/webserver/webserver.go:32.29,34.40 2 0
github.com/fabioods/go-expert-call-weather/internal/infra/webserver/webserver.go:34.40,36.3 1 0
github.com/fabioods/go-expert-call-weather/internal/infra/webserver/webserver.go:37.2,39.16 3 0
github.com/fabioods/go-expert-call-weather/internal/infra/webserver/webserver.go:39.16,40.13 1 0
github.com/fabioods/go-expert-call-weather/internal/infra/client/mocks/weather_by_cep_client.go:18.97,21.19 2 0
github.com/fabioods/go-expert-call-weather/internal/infra/client/mocks/weather_by_cep_client.go:21.19,22.54 1 0
github.com/fabioods/go-expert-call-weather/internal/infra/client/mocks/weather_by_cep_client.go:25.2,27.82 3 0
github.com/fabioods/go-expert-call-weather/internal/infra/client/mocks/weather_by_cep_client.go:27.82,29.3 1 0
github.com/fabioods/go-expert-call-weather/internal/infra/client/mocks/weather_by_cep_client.go:30.2,30.73 1 0
github.com/fabioods/go-expert-call-weather/internal/infra/client/mocks/weather_by_cep_client.go:30.73,32.3 1 0
github.com/fabioods/go-expert-call-weather/internal/infra/client/mocks/weather_by_cep_client.go:32.8,34.3 1 0
github.com/fabioods/go-expert-call-weather/internal/infra/client/mocks/weather_by_cep_client.go:36.2,36.68 1 0
github.com/fabioods/go-expert-call-weather/internal/infra/client/mocks/weather_by_cep_client.go:36.68,38.3 1 0
github.com/fabioods/go-expert-call-weather/internal/infra/client/mocks/weather_by_cep_client.go:38.8,40.3 1 0
github.com/fabioods/go-expert-call-weather/internal/infra/client/mocks/weather_by_cep_client.go:42.2,42.15 1 0
github.com/fabioods/go-expert-call-weather/internal/infra/client/mocks/weather_by_cep_client.go:50.24,54.19 3 0
github.com/fabioods/go-expert-call-weather/internal/infra/client/mocks/weather_by_cep_client.go:54.19,54.49 1 0
github.com/fabioods/go-expert-call-weather/internal/infra/client/mocks/weather_by_cep_client.go:56.2,56.13 1 0
github.com/fabioods/go-expert-call-weather/pkg/errorformated/errorformated.go:20.39,22.2 1 0
github.com/fabioods/go-expert-call-weather/pkg/errorformated/errorformated.go:24.41,25.33 1 0
github.com/fabioods/go-expert-call-weather/pkg/errorformated/errorformated.go:25.33,27.3 1 0
github.com/fabioods/go-expert-call-weather/pkg/errorformated/errorformated.go:28.2,28.17 1 0
github.com/fabioods/go-expert-call-weather/pkg/errorformated/errorformated.go:31.115,38.2 1 0
github.com/fabioods/go-expert-call-weather/pkg/errorformated/errorformated.go:40.113,47.2 1 0
github.com/fabioods/go-expert-call-weather/pkg/errorformated/errorformated.go:49.115,56.2 1 0
github.com/fabioods/go-expert-call-weather/pkg/errorformated/errorformated.go:58.123,65.2 1 0
github.com/fabioods/go-expert-call-weather/internal/usecase/mocks/weather_by_cep_use_case.go:20.105,23.19 2 0
github.com/fabioods/go-expert-call-weather/internal/usecase/mocks/weather_by_cep_use_case.go:23.19,24.49 1 0
github.com/fabioods/go-expert-call-weather/internal/usecase/mocks/weather_by_cep_use_case.go:27.2,29.92 3 0
github.com/fabioods/go-expert-call-weather/internal/usecase/mocks/weather_by_cep_use_case.go:29.92,31.3 1 0
github.com/fabioods/go-expert-call-weather/internal/usecase/mocks/weather_by_cep_use_case.go:32.2,32.83 1 0
github.com/fabioods/go-expert-call-weather/internal/usecase/mocks/weather_by_cep_use_case.go:32.83,34.3 1 0
github.com/fabioods/go-expert-call-weather/internal/usecase/mocks/weather_by_cep_use_case.go:34.8,36.3 1 0
github.com/fabioods/go-expert-call-weather/internal/usecase/mocks/weather_by_cep_use_case.go:38.2,38.78 1 0
github.com/fabioods/go-expert-call-weather/internal/usecase/mocks/weather_by_cep_use_case.go:38.78,40.3 1 0
github.com/fabioods/go-expert-call-weather/internal/usecase/mocks/weather_by_cep_use_case.go:40.8,42.3 1 0
github.com/fabioods/go-expert-call-weather/internal/usecase/mocks/weather_by_cep_use_case.go:44.2,44.15 1 0
github.com/fabioods/go-expert-call-weather/internal/usecase/mocks/weather_by_cep_use_case.go:52.25,56.19 3 0
github.com/fabioods/go-expert-call-weather/internal/usecase/mocks/weather_by_cep_use_case.go:56.19,56.49 1 0
github.com/fabioods/go-expert-call-weather/internal/usecase/mocks/weather_by_cep_use_case.go:58.2,58.13 1 0
github.com/fabioods/go-expert-call-weather/internal/handler/mocks/weather_by_cep_handler.go:17.79,19.2 1 0
github.com/fabioods/go-expert-call-weather/internal/handler/mocks/weather_by_cep_handler.go:26.25,30.19 3 0
github.com/fabioods/go-expert-call-weather/internal/handler/mocks/weather_by_cep_handler.go:30.19,30.49 1 0
github.com/fabioods/go-expert-call-weather/internal/handler/mocks/weather_by_cep_handler.go:32.2,32.13 1 0
github.com/fabioods/go-expert-call-weather/internal/domain/cep.go:10.116,17.2 1 1
github.com/fabioods/go-expert-call-weather/internal/handler/weatherbycep.go:21.87,25.2 1 1
github.com/fabioods/go-expert-call-weather/internal/handler/weatherbycep.go:27.78,31.16 3 1
github.com/fabioods/go-expert-call-weather/internal/handler/weatherbycep.go:31.16,36.3 4 1
github.com/fabioods/go-expert-call-weather/internal/handler/weatherbycep.go:38.2,39.16 2 1
github.com/fabioods/go-expert-call-weather/internal/handler/weatherbycep.go:39.16,45.3 5 1
github.com/fabioods/go-expert-call-weather/internal/handler/weatherbycep.go:46.2,48.35 3 1
github.com/fabioods/go-expert-call-weather/internal/usecase/mocks/weather_by_cep_use_case.go:20.105,23.19 2 1
github.com/fabioods/go-expert-call-weather/internal/usecase/mocks/weather_by_cep_use_case.go:23.19,24.49 1 0
github.com/fabioods/go-expert-call-weather/internal/usecase/mocks/weather_by_cep_use_case.go:27.2,29.92 3 1
github.com/fabioods/go-expert-call-weather/internal/usecase/mocks/weather_by_cep_use_case.go:29.92,31.3 1 0
github.com/fabioods/go-expert-call-weather/internal/usecase/mocks/weather_by_cep_use_case.go:32.2,32.83 1 1
github.com/fabioods/go-expert-call-weather/internal/usecase/mocks/weather_by_cep_use_case.go:32.83,34.3 1 0
github.com/fabioods/go-expert-call-weather/internal/usecase/mocks/weather_by_cep_use_case.go:34.8,36.3 1 1
github.com/fabioods/go-expert-call-weather/internal/usecase/mocks/weather_by_cep_use_case.go:38.2,38.78 1 1
github.com/fabioods/go-expert-call-weather/internal/usecase/mocks/weather_by_cep_use_case.go:38.78,40.3 1 0
github.com/fabioods/go-expert-call-weather/internal/usecase/mocks/weather_by_cep_use_case.go:40.8,42.3 1 1
github.com/fabioods/go-expert-call-weather/internal/usecase/mocks/weather_by_cep_use_case.go:44.2,44.15 1 1
github.com/fabioods/go-expert-call-weather/internal/usecase/mocks/weather_by_cep_use_case.go:52.25,56.19 3 0
github.com/fabioods/go-expert-call-weather/internal/usecase/mocks/weather_by_cep_use_case.go:56.19,56.49 1 0
github.com/fabioods/go-expert-call-weather/internal/usecase/mocks/weather_by_cep_use_case.go:58.2,58.13 1 0
github.com/fabioods/go-expert-call-weather/pkg/errorformated/errorformated.go:20.39,22.2 1 0
github.com/fabioods/go-expert-call-weather/pkg/errorformated/errorformated.go:24.41,25.33 1 1
github.com/fabioods/go-expert-call-weather/pkg/errorformated/errorformated.go:25.33,27.3 1 0
github.com/fabioods/go-expert-call-weather/pkg/errorformated/errorformated.go:28.2,28.17 1 1
github.com/fabioods/go-expert-call-weather/pkg/errorformated/errorformated.go:31.115,38.2 1 0
github.com/fabioods/go-expert-call-weather/pkg/errorformated/errorformated.go:40.113,47.2 1 0
github.com/fabioods/go-expert-call-weather/pkg/errorformated/errorformated.go:49.115,56.2 1 1
github.com/fabioods/go-expert-call-weather/pkg/errorformated/errorformated.go:58.123,65.2 1 0
github.com/fabioods/go-expert-call-weather/pkg/trace/trace.go:11.27,21.2 5 1
github.com/fabioods/go-expert-call-weather/internal/infra/client/weather.go:30.47,32.2 1 1
github.com/fabioods/go-expert-call-weather/internal/infra/client/weather.go:34.62,39.2 1 1
github.com/fabioods/go-expert-call-weather/internal/infra/client/weather.go:41.91,47.16 5 1
github.com/fabioods/go-expert-call-weather/internal/infra/client/weather.go:47.16,49.3 1 0
github.com/fabioods/go-expert-call-weather/internal/infra/client/weather.go:51.2,52.16 2 1
github.com/fabioods/go-expert-call-weather/internal/infra/client/weather.go:52.16,54.3 1 1
github.com/fabioods/go-expert-call-weather/internal/infra/client/weather.go:55.2,58.16 3 1
github.com/fabioods/go-expert-call-weather/internal/infra/client/weather.go:58.16,60.3 1 1
github.com/fabioods/go-expert-call-weather/internal/infra/client/weather.go:62.2,64.16 3 1
github.com/fabioods/go-expert-call-weather/internal/infra/client/weather.go:64.16,66.3 1 1
github.com/fabioods/go-expert-call-weather/internal/infra/client/weather.go:68.2,68.38 1 1
github.com/fabioods/go-expert-call-weather/pkg/errorformated/errorformated.go:20.39,22.2 1 0
github.com/fabioods/go-expert-call-weather/pkg/errorformated/errorformated.go:24.41,25.33 1 0
github.com/fabioods/go-expert-call-weather/pkg/errorformated/errorformated.go:25.33,27.3 1 0
github.com/fabioods/go-expert-call-weather/pkg/errorformated/errorformated.go:28.2,28.17 1 0
github.com/fabioods/go-expert-call-weather/pkg/errorformated/errorformated.go:31.115,38.2 1 0
github.com/fabioods/go-expert-call-weather/pkg/errorformated/errorformated.go:40.113,47.2 1 0
github.com/fabioods/go-expert-call-weather/pkg/errorformated/errorformated.go:49.115,56.2 1 1
github.com/fabioods/go-expert-call-weather/pkg/errorformated/errorformated.go:58.123,65.2 1 0
github.com/fabioods/go-expert-call-weather/pkg/trace/trace.go:11.27,21.2 5 1
github.com/fabioods/go-expert-call-weather/internal/infra/client/mocks/weather_by_cep_client.go:18.97,21.19 2 1
github.com/fabioods/go-expert-call-weather/internal/infra/client/mocks/weather_by_cep_client.go:21.19,22.54 1 0
github.com/fabioods/go-expert-call-weather/internal/infra/client/mocks/weather_by_cep_client.go:25.2,27.82 3 1
github.com/fabioods/go-expert-call-weather/internal/infra/client/mocks/weather_by_cep_client.go:27.82,29.3 1 0
github.com/fabioods/go-expert-call-weather/internal/infra/client/mocks/weather_by_cep_client.go:30.2,30.73 1 1
github.com/fabioods/go-expert-call-weather/internal/infra/client/mocks/weather_by_cep_client.go:30.73,32.3 1 0
github.com/fabioods/go-expert-call-weather/internal/infra/client/mocks/weather_by_cep_client.go:32.8,34.3 1 1
github.com/fabioods/go-expert-call-weather/internal/infra/client/mocks/weather_by_cep_client.go:36.2,36.68 1 1
github.com/fabioods/go-expert-call-weather/internal/infra/client/mocks/weather_by_cep_client.go:36.68,38.3 1 0
github.com/fabioods/go-expert-call-weather/internal/infra/client/mocks/weather_by_cep_client.go:38.8,40.3 1 1
github.com/fabioods/go-expert-call-weather/internal/infra/client/mocks/weather_by_cep_client.go:42.2,42.15 1 1
github.com/fabioods/go-expert-call-weather/internal/infra/client/mocks/weather_by_cep_client.go:50.24,54.19 3 0
github.com/fabioods/go-expert-call-weather/internal/infra/client/mocks/weather_by_cep_client.go:54.19,54.49 1 0
github.com/fabioods/go-expert-call-weather/internal/infra/client/mocks/weather_by_cep_client.go:56.2,56.13 1 0
github.com/fabioods/go-expert-call-weather/internal/usecase/weatherbycep.go:16.48,18.16 2 1
github.com/fabioods/go-expert-call-weather/internal/usecase/weatherbycep.go:18.16,20.3 1 1
github.com/fabioods/go-expert-call-weather/internal/usecase/weatherbycep.go:21.2,22.12 2 1
github.com/fabioods/go-expert-call-weather/internal/usecase/weatherbycep.go:25.50,26.15 1 1
github.com/fabioods/go-expert-call-weather/internal/usecase/weatherbycep.go:26.15,28.3 1 1
github.com/fabioods/go-expert-call-weather/internal/usecase/weatherbycep.go:29.2,31.16 3 1
github.com/fabioods/go-expert-call-weather/internal/usecase/weatherbycep.go:31.16,33.3 1 0
github.com/fabioods/go-expert-call-weather/internal/usecase/weatherbycep.go:34.2,34.14 1 1
github.com/fabioods/go-expert-call-weather/internal/usecase/weatherbycep.go:34.14,36.3 1 1
github.com/fabioods/go-expert-call-weather/internal/usecase/weatherbycep.go:37.2,37.12 1 1
github.com/fabioods/go-expert-call-weather/internal/usecase/weatherbycep.go:49.91,53.2 1 1
github.com/fabioods/go-expert-call-weather/internal/usecase/weatherbycep.go:55.100,57.16 2 1
github.com/fabioods/go-expert-call-weather/internal/usecase/weatherbycep.go:57.16,59.3 1 1
github.com/fabioods/go-expert-call-weather/internal/usecase/weatherbycep.go:61.2,61.18 1 1
github.com/fabioods/go-expert-call-weather/pkg/errorformated/errorformated.go:20.39,22.2 1 0
github.com/fabioods/go-expert-call-weather/pkg/errorformated/errorformated.go:24.41,25.33 1 0
github.com/fabioods/go-expert-call-weather/pkg/errorformated/errorformated.go:25.33,27.3 1 0
github.com/fabioods/go-expert-call-weather/pkg/errorformated/errorformated.go:28.2,28.17 1 0
github.com/fabioods/go-expert-call-weather/pkg/errorformated/errorformated.go:31.115,38.2 1 0
github.com/fabioods/go-expert-call-weather/pkg/errorformated/errorformated.go:40.113,47.2 1 0
github.com/fabioods/go-expert-call-weather/pkg/errorformated/errorformated.go:49.115,56.2 1 0
github.com/fabioods/go-expert-call-weather/pkg/errorformated/errorformated.go:58.123,65.2 1 0
github.com/fabioods/go-expert-call-weather/pkg/trace/trace.go:11.27,21.2 5 0
