mode: set
github.com/fabioods/go-expert-wheater-lab/cmd/main.go:12.13,21.2 8 0
github.com/fabioods/go-expert-wheater-lab/internal/infra/client/mocks/cep_client.go:17.84,20.19 2 0
github.com/fabioods/go-expert-wheater-lab/internal/infra/client/mocks/cep_client.go:20.19,21.54 1 0
github.com/fabioods/go-expert-wheater-lab/internal/infra/client/mocks/cep_client.go:24.2,26.78 3 0
github.com/fabioods/go-expert-wheater-lab/internal/infra/client/mocks/cep_client.go:26.78,28.3 1 0
github.com/fabioods/go-expert-wheater-lab/internal/infra/client/mocks/cep_client.go:29.2,29.69 1 0
github.com/fabioods/go-expert-wheater-lab/internal/infra/client/mocks/cep_client.go:29.69,31.3 1 0
github.com/fabioods/go-expert-wheater-lab/internal/infra/client/mocks/cep_client.go:31.8,33.3 1 0
github.com/fabioods/go-expert-wheater-lab/internal/infra/client/mocks/cep_client.go:35.2,35.68 1 0
github.com/fabioods/go-expert-wheater-lab/internal/infra/client/mocks/cep_client.go:35.68,37.3 1 0
github.com/fabioods/go-expert-wheater-lab/internal/infra/client/mocks/cep_client.go:37.8,39.3 1 0
github.com/fabioods/go-expert-wheater-lab/internal/infra/client/mocks/cep_client.go:41.2,41.15 1 0
github.com/fabioods/go-expert-wheater-lab/internal/infra/client/mocks/cep_client.go:49.15,53.19 3 0
github.com/fabioods/go-expert-wheater-lab/internal/infra/client/mocks/cep_client.go:53.19,53.49 1 0
github.com/fabioods/go-expert-wheater-lab/internal/infra/client/mocks/cep_client.go:55.2,55.13 1 0
github.com/fabioods/go-expert-wheater-lab/internal/infra/client/mocks/weather_client.go:17.90,20.19 2 0
github.com/fabioods/go-expert-wheater-lab/internal/infra/client/mocks/weather_client.go:20.19,21.55 1 0
github.com/fabioods/go-expert-wheater-lab/internal/infra/client/mocks/weather_client.go:24.2,26.79 3 0
github.com/fabioods/go-expert-wheater-lab/internal/infra/client/mocks/weather_client.go:26.79,28.3 1 0
github.com/fabioods/go-expert-wheater-lab/internal/infra/client/mocks/weather_client.go:29.2,29.70 1 0
github.com/fabioods/go-expert-wheater-lab/internal/infra/client/mocks/weather_client.go:29.70,31.3 1 0
github.com/fabioods/go-expert-wheater-lab/internal/infra/client/mocks/weather_client.go:31.8,33.3 1 0
github.com/fabioods/go-expert-wheater-lab/internal/infra/client/mocks/weather_client.go:35.2,35.68 1 0
github.com/fabioods/go-expert-wheater-lab/internal/infra/client/mocks/weather_client.go:35.68,37.3 1 0
github.com/fabioods/go-expert-wheater-lab/internal/infra/client/mocks/weather_client.go:37.8,39.3 1 0
github.com/fabioods/go-expert-wheater-lab/internal/infra/client/mocks/weather_client.go:41.2,41.15 1 0
github.com/fabioods/go-expert-wheater-lab/internal/infra/client/mocks/weather_client.go:49.19,53.19 3 0
github.com/fabioods/go-expert-wheater-lab/internal/infra/client/mocks/weather_client.go:53.19,53.49 1 0
github.com/fabioods/go-expert-wheater-lab/internal/infra/client/mocks/weather_client.go:55.2,55.13 1 0
github.com/fabioods/go-expert-wheater-lab/internal/handler/mocks/weather_by_cep_handler.go:17.79,19.2 1 0
github.com/fabioods/go-expert-wheater-lab/internal/handler/mocks/weather_by_cep_handler.go:26.25,30.19 3 0
github.com/fabioods/go-expert-wheater-lab/internal/handler/mocks/weather_by_cep_handler.go:30.19,30.49 1 0
github.com/fabioods/go-expert-wheater-lab/internal/handler/mocks/weather_by_cep_handler.go:32.2,32.13 1 0
github.com/fabioods/go-expert-wheater-lab/internal/infra/webserver/starter.go:7.65,11.2 1 0
github.com/fabioods/go-expert-wheater-lab/internal/infra/webserver/webserver.go:17.49,23.2 1 0
github.com/fabioods/go-expert-wheater-lab/internal/infra/webserver/webserver.go:25.71,27.2 1 0
github.com/fabioods/go-expert-wheater-lab/internal/infra/webserver/webserver.go:32.29,34.40 2 0
github.com/fabioods/go-expert-wheater-lab/internal/infra/webserver/webserver.go:34.40,36.3 1 0
github.com/fabioods/go-expert-wheater-lab/internal/infra/webserver/webserver.go:37.2,39.16 3 0
github.com/fabioods/go-expert-wheater-lab/internal/infra/webserver/webserver.go:39.16,40.13 1 0
github.com/fabioods/go-expert-wheater-lab/internal/usecase/mocks/weather_by_cep_use_case.go:18.112,21.19 2 0
github.com/fabioods/go-expert-wheater-lab/internal/usecase/mocks/weather_by_cep_use_case.go:21.19,22.49 1 0
github.com/fabioods/go-expert-wheater-lab/internal/usecase/mocks/weather_by_cep_use_case.go:25.2,27.99 3 0
github.com/fabioods/go-expert-wheater-lab/internal/usecase/mocks/weather_by_cep_use_case.go:27.99,29.3 1 0
github.com/fabioods/go-expert-wheater-lab/internal/usecase/mocks/weather_by_cep_use_case.go:30.2,30.90 1 0
github.com/fabioods/go-expert-wheater-lab/internal/usecase/mocks/weather_by_cep_use_case.go:30.90,32.3 1 0
github.com/fabioods/go-expert-wheater-lab/internal/usecase/mocks/weather_by_cep_use_case.go:32.8,34.3 1 0
github.com/fabioods/go-expert-wheater-lab/internal/usecase/mocks/weather_by_cep_use_case.go:36.2,36.78 1 0
github.com/fabioods/go-expert-wheater-lab/internal/usecase/mocks/weather_by_cep_use_case.go:36.78,38.3 1 0
github.com/fabioods/go-expert-wheater-lab/internal/usecase/mocks/weather_by_cep_use_case.go:38.8,40.3 1 0
github.com/fabioods/go-expert-wheater-lab/internal/usecase/mocks/weather_by_cep_use_case.go:42.2,42.15 1 0
github.com/fabioods/go-expert-wheater-lab/internal/usecase/mocks/weather_by_cep_use_case.go:50.25,54.19 3 0
github.com/fabioods/go-expert-wheater-lab/internal/usecase/mocks/weather_by_cep_use_case.go:54.19,54.49 1 0
github.com/fabioods/go-expert-wheater-lab/internal/usecase/mocks/weather_by_cep_use_case.go:56.2,56.13 1 0
github.com/fabioods/go-expert-wheater-lab/pkg/trace/trace.go:11.27,21.2 5 0
github.com/fabioods/go-expert-wheater-lab/pkg/errorformated/errorformated.go:20.39,22.2 1 0
github.com/fabioods/go-expert-wheater-lab/pkg/errorformated/errorformated.go:24.41,25.33 1 0
github.com/fabioods/go-expert-wheater-lab/pkg/errorformated/errorformated.go:25.33,27.3 1 0
github.com/fabioods/go-expert-wheater-lab/pkg/errorformated/errorformated.go:28.2,28.17 1 0
github.com/fabioods/go-expert-wheater-lab/pkg/errorformated/errorformated.go:31.115,38.2 1 0
github.com/fabioods/go-expert-wheater-lab/pkg/errorformated/errorformated.go:40.113,47.2 1 0
github.com/fabioods/go-expert-wheater-lab/pkg/errorformated/errorformated.go:49.115,56.2 1 0
github.com/fabioods/go-expert-wheater-lab/pkg/errorformated/errorformated.go:58.123,65.2 1 0
github.com/fabioods/go-expert-wheater-lab/configs/config.go:20.27,22.16 2 1
github.com/fabioods/go-expert-wheater-lab/configs/config.go:22.16,24.3 1 0
github.com/fabioods/go-expert-wheater-lab/configs/config.go:26.2,27.16 2 1
github.com/fabioods/go-expert-wheater-lab/configs/config.go:27.16,28.13 1 0
github.com/fabioods/go-expert-wheater-lab/configs/config.go:31.2,32.16 2 1
github.com/fabioods/go-expert-wheater-lab/configs/config.go:32.16,33.13 1 0
github.com/fabioods/go-expert-wheater-lab/configs/config.go:36.2,45.20 2 1
github.com/fabioods/go-expert-wheater-lab/configs/config.go:45.20,47.3 1 0
github.com/fabioods/go-expert-wheater-lab/configs/config.go:48.2,48.12 1 1
github.com/fabioods/go-expert-wheater-lab/internal/domain/weather.go:15.28,17.2 1 1
github.com/fabioods/go-expert-wheater-lab/internal/domain/weather.go:19.47,21.16 2 1
github.com/fabioods/go-expert-wheater-lab/internal/domain/weather.go:21.16,23.3 1 1
github.com/fabioods/go-expert-wheater-lab/internal/domain/weather.go:24.2,25.12 2 1
github.com/fabioods/go-expert-wheater-lab/internal/domain/weather.go:28.49,29.15 1 1
github.com/fabioods/go-expert-wheater-lab/internal/domain/weather.go:29.15,31.3 1 1
github.com/fabioods/go-expert-wheater-lab/internal/domain/weather.go:32.2,34.16 3 1
github.com/fabioods/go-expert-wheater-lab/internal/domain/weather.go:34.16,36.3 1 0
github.com/fabioods/go-expert-wheater-lab/internal/domain/weather.go:37.2,37.14 1 1
github.com/fabioods/go-expert-wheater-lab/internal/domain/weather.go:37.14,39.3 1 1
github.com/fabioods/go-expert-wheater-lab/internal/domain/weather.go:40.2,40.12 1 1
github.com/fabioods/go-expert-wheater-lab/internal/domain/weather.go:43.72,45.2 1 1
github.com/fabioods/go-expert-wheater-lab/internal/domain/weather.go:47.48,49.2 1 1
github.com/fabioods/go-expert-wheater-lab/internal/domain/weather.go:51.44,53.2 1 1
github.com/fabioods/go-expert-wheater-lab/internal/handler/weatherbycep.go:20.87,24.2 1 1
github.com/fabioods/go-expert-wheater-lab/internal/handler/weatherbycep.go:26.78,31.16 4 1
github.com/fabioods/go-expert-wheater-lab/internal/handler/weatherbycep.go:31.16,37.3 5 1
github.com/fabioods/go-expert-wheater-lab/internal/handler/weatherbycep.go:38.2,40.35 3 1
github.com/fabioods/go-expert-wheater-lab/internal/usecase/mocks/weather_by_cep_use_case.go:18.112,21.19 2 1
github.com/fabioods/go-expert-wheater-lab/internal/usecase/mocks/weather_by_cep_use_case.go:21.19,22.49 1 0
github.com/fabioods/go-expert-wheater-lab/internal/usecase/mocks/weather_by_cep_use_case.go:25.2,27.99 3 1
github.com/fabioods/go-expert-wheater-lab/internal/usecase/mocks/weather_by_cep_use_case.go:27.99,29.3 1 0
github.com/fabioods/go-expert-wheater-lab/internal/usecase/mocks/weather_by_cep_use_case.go:30.2,30.90 1 1
github.com/fabioods/go-expert-wheater-lab/internal/usecase/mocks/weather_by_cep_use_case.go:30.90,32.3 1 0
github.com/fabioods/go-expert-wheater-lab/internal/usecase/mocks/weather_by_cep_use_case.go:32.8,34.3 1 1
github.com/fabioods/go-expert-wheater-lab/internal/usecase/mocks/weather_by_cep_use_case.go:36.2,36.78 1 1
github.com/fabioods/go-expert-wheater-lab/internal/usecase/mocks/weather_by_cep_use_case.go:36.78,38.3 1 0
github.com/fabioods/go-expert-wheater-lab/internal/usecase/mocks/weather_by_cep_use_case.go:38.8,40.3 1 1
github.com/fabioods/go-expert-wheater-lab/internal/usecase/mocks/weather_by_cep_use_case.go:42.2,42.15 1 1
github.com/fabioods/go-expert-wheater-lab/internal/usecase/mocks/weather_by_cep_use_case.go:50.25,54.19 3 0
github.com/fabioods/go-expert-wheater-lab/internal/usecase/mocks/weather_by_cep_use_case.go:54.19,54.49 1 0
github.com/fabioods/go-expert-wheater-lab/internal/usecase/mocks/weather_by_cep_use_case.go:56.2,56.13 1 0
github.com/fabioods/go-expert-wheater-lab/pkg/errorformated/errorformated.go:20.39,22.2 1 1
github.com/fabioods/go-expert-wheater-lab/pkg/errorformated/errorformated.go:24.41,25.33 1 1
github.com/fabioods/go-expert-wheater-lab/pkg/errorformated/errorformated.go:25.33,27.3 1 0
github.com/fabioods/go-expert-wheater-lab/pkg/errorformated/errorformated.go:28.2,28.17 1 1
github.com/fabioods/go-expert-wheater-lab/pkg/errorformated/errorformated.go:31.115,38.2 1 1
github.com/fabioods/go-expert-wheater-lab/pkg/errorformated/errorformated.go:40.113,47.2 1 0
github.com/fabioods/go-expert-wheater-lab/pkg/errorformated/errorformated.go:49.115,56.2 1 0
github.com/fabioods/go-expert-wheater-lab/pkg/errorformated/errorformated.go:58.123,65.2 1 0
github.com/fabioods/go-expert-wheater-lab/pkg/trace/trace.go:11.27,21.2 5 1
github.com/fabioods/go-expert-wheater-lab/internal/infra/client/viacepclient/viacepclient.go:25.60,30.2 1 1
github.com/fabioods/go-expert-wheater-lab/internal/infra/client/viacepclient/viacepclient.go:32.86,37.16 5 1
github.com/fabioods/go-expert-wheater-lab/internal/infra/client/viacepclient/viacepclient.go:37.16,39.3 1 1
github.com/fabioods/go-expert-wheater-lab/internal/infra/client/viacepclient/viacepclient.go:41.2,42.16 2 1
github.com/fabioods/go-expert-wheater-lab/internal/infra/client/viacepclient/viacepclient.go:42.16,44.3 1 0
github.com/fabioods/go-expert-wheater-lab/internal/infra/client/viacepclient/viacepclient.go:45.2,47.43 2 1
github.com/fabioods/go-expert-wheater-lab/internal/infra/client/viacepclient/viacepclient.go:47.43,49.3 1 1
github.com/fabioods/go-expert-wheater-lab/internal/infra/client/viacepclient/viacepclient.go:51.2,52.16 2 1
github.com/fabioods/go-expert-wheater-lab/internal/infra/client/viacepclient/viacepclient.go:52.16,54.3 1 0
github.com/fabioods/go-expert-wheater-lab/internal/infra/client/viacepclient/viacepclient.go:56.2,58.16 3 1
github.com/fabioods/go-expert-wheater-lab/internal/infra/client/viacepclient/viacepclient.go:58.16,60.3 1 1
github.com/fabioods/go-expert-wheater-lab/internal/infra/client/viacepclient/viacepclient.go:62.2,62.37 1 1
github.com/fabioods/go-expert-wheater-lab/pkg/errorformated/errorformated.go:20.39,22.2 1 1
github.com/fabioods/go-expert-wheater-lab/pkg/errorformated/errorformated.go:24.41,25.33 1 0
github.com/fabioods/go-expert-wheater-lab/pkg/errorformated/errorformated.go:25.33,27.3 1 0
github.com/fabioods/go-expert-wheater-lab/pkg/errorformated/errorformated.go:28.2,28.17 1 0
github.com/fabioods/go-expert-wheater-lab/pkg/errorformated/errorformated.go:31.115,38.2 1 0
github.com/fabioods/go-expert-wheater-lab/pkg/errorformated/errorformated.go:40.113,47.2 1 1
github.com/fabioods/go-expert-wheater-lab/pkg/errorformated/errorformated.go:49.115,56.2 1 1
github.com/fabioods/go-expert-wheater-lab/pkg/errorformated/errorformated.go:58.123,65.2 1 0
github.com/fabioods/go-expert-wheater-lab/pkg/trace/trace.go:11.27,21.2 5 1
github.com/fabioods/go-expert-wheater-lab/internal/infra/client/weatherclient/weatherclient.go:31.62,37.2 1 1
github.com/fabioods/go-expert-wheater-lab/internal/infra/client/weatherclient/weatherclient.go:39.90,46.16 6 1
github.com/fabioods/go-expert-wheater-lab/internal/infra/client/weatherclient/weatherclient.go:46.16,48.3 1 1
github.com/fabioods/go-expert-wheater-lab/internal/infra/client/weatherclient/weatherclient.go:50.2,51.16 2 1
github.com/fabioods/go-expert-wheater-lab/internal/infra/client/weatherclient/weatherclient.go:51.16,53.3 1 0
github.com/fabioods/go-expert-wheater-lab/internal/infra/client/weatherclient/weatherclient.go:54.2,56.37 2 1
github.com/fabioods/go-expert-wheater-lab/internal/infra/client/weatherclient/weatherclient.go:56.37,58.3 1 1
github.com/fabioods/go-expert-wheater-lab/internal/infra/client/weatherclient/weatherclient.go:60.2,61.16 2 1
github.com/fabioods/go-expert-wheater-lab/internal/infra/client/weatherclient/weatherclient.go:61.16,63.3 1 0
github.com/fabioods/go-expert-wheater-lab/internal/infra/client/weatherclient/weatherclient.go:65.2,67.16 3 1
github.com/fabioods/go-expert-wheater-lab/internal/infra/client/weatherclient/weatherclient.go:67.16,69.3 1 1
github.com/fabioods/go-expert-wheater-lab/internal/infra/client/weatherclient/weatherclient.go:71.2,71.56 1 1
github.com/fabioods/go-expert-wheater-lab/pkg/errorformated/errorformated.go:20.39,22.2 1 1
github.com/fabioods/go-expert-wheater-lab/pkg/errorformated/errorformated.go:24.41,25.33 1 0
github.com/fabioods/go-expert-wheater-lab/pkg/errorformated/errorformated.go:25.33,27.3 1 0
github.com/fabioods/go-expert-wheater-lab/pkg/errorformated/errorformated.go:28.2,28.17 1 0
github.com/fabioods/go-expert-wheater-lab/pkg/errorformated/errorformated.go:31.115,38.2 1 0
github.com/fabioods/go-expert-wheater-lab/pkg/errorformated/errorformated.go:40.113,47.2 1 0
github.com/fabioods/go-expert-wheater-lab/pkg/errorformated/errorformated.go:49.115,56.2 1 1
github.com/fabioods/go-expert-wheater-lab/pkg/errorformated/errorformated.go:58.123,65.2 1 0
github.com/fabioods/go-expert-wheater-lab/pkg/trace/trace.go:11.27,21.2 5 1
github.com/fabioods/go-expert-wheater-lab/internal/infra/client/mocks/cep_client.go:17.84,20.19 2 1
github.com/fabioods/go-expert-wheater-lab/internal/infra/client/mocks/cep_client.go:20.19,21.54 1 0
github.com/fabioods/go-expert-wheater-lab/internal/infra/client/mocks/cep_client.go:24.2,26.78 3 1
github.com/fabioods/go-expert-wheater-lab/internal/infra/client/mocks/cep_client.go:26.78,28.3 1 0
github.com/fabioods/go-expert-wheater-lab/internal/infra/client/mocks/cep_client.go:29.2,29.69 1 1
github.com/fabioods/go-expert-wheater-lab/internal/infra/client/mocks/cep_client.go:29.69,31.3 1 0
github.com/fabioods/go-expert-wheater-lab/internal/infra/client/mocks/cep_client.go:31.8,33.3 1 1
github.com/fabioods/go-expert-wheater-lab/internal/infra/client/mocks/cep_client.go:35.2,35.68 1 1
github.com/fabioods/go-expert-wheater-lab/internal/infra/client/mocks/cep_client.go:35.68,37.3 1 0
github.com/fabioods/go-expert-wheater-lab/internal/infra/client/mocks/cep_client.go:37.8,39.3 1 1
github.com/fabioods/go-expert-wheater-lab/internal/infra/client/mocks/cep_client.go:41.2,41.15 1 1
github.com/fabioods/go-expert-wheater-lab/internal/infra/client/mocks/cep_client.go:49.15,53.19 3 0
github.com/fabioods/go-expert-wheater-lab/internal/infra/client/mocks/cep_client.go:53.19,53.49 1 0
github.com/fabioods/go-expert-wheater-lab/internal/infra/client/mocks/cep_client.go:55.2,55.13 1 0
github.com/fabioods/go-expert-wheater-lab/internal/infra/client/mocks/weather_client.go:17.90,20.19 2 1
github.com/fabioods/go-expert-wheater-lab/internal/infra/client/mocks/weather_client.go:20.19,21.55 1 0
github.com/fabioods/go-expert-wheater-lab/internal/infra/client/mocks/weather_client.go:24.2,26.79 3 1
github.com/fabioods/go-expert-wheater-lab/internal/infra/client/mocks/weather_client.go:26.79,28.3 1 0
github.com/fabioods/go-expert-wheater-lab/internal/infra/client/mocks/weather_client.go:29.2,29.70 1 1
github.com/fabioods/go-expert-wheater-lab/internal/infra/client/mocks/weather_client.go:29.70,31.3 1 0
github.com/fabioods/go-expert-wheater-lab/internal/infra/client/mocks/weather_client.go:31.8,33.3 1 1
github.com/fabioods/go-expert-wheater-lab/internal/infra/client/mocks/weather_client.go:35.2,35.68 1 1
github.com/fabioods/go-expert-wheater-lab/internal/infra/client/mocks/weather_client.go:35.68,37.3 1 0
github.com/fabioods/go-expert-wheater-lab/internal/infra/client/mocks/weather_client.go:37.8,39.3 1 1
github.com/fabioods/go-expert-wheater-lab/internal/infra/client/mocks/weather_client.go:41.2,41.15 1 1
github.com/fabioods/go-expert-wheater-lab/internal/infra/client/mocks/weather_client.go:49.19,53.19 3 0
github.com/fabioods/go-expert-wheater-lab/internal/infra/client/mocks/weather_client.go:53.19,53.49 1 0
github.com/fabioods/go-expert-wheater-lab/internal/infra/client/mocks/weather_client.go:55.2,55.13 1 0
github.com/fabioods/go-expert-wheater-lab/internal/usecase/weatherbycep.go:33.114,38.2 1 1
github.com/fabioods/go-expert-wheater-lab/internal/usecase/weatherbycep.go:40.99,43.16 3 1
github.com/fabioods/go-expert-wheater-lab/internal/usecase/weatherbycep.go:43.16,45.3 1 1
github.com/fabioods/go-expert-wheater-lab/internal/usecase/weatherbycep.go:47.2,48.16 2 1
github.com/fabioods/go-expert-wheater-lab/internal/usecase/weatherbycep.go:48.16,50.3 1 0
github.com/fabioods/go-expert-wheater-lab/internal/usecase/weatherbycep.go:52.2,52.16 1 1
github.com/fabioods/go-expert-wheater-lab/internal/usecase/weatherbycep.go:52.16,54.3 1 1
github.com/fabioods/go-expert-wheater-lab/internal/usecase/weatherbycep.go:56.2,57.16 2 1
github.com/fabioods/go-expert-wheater-lab/internal/usecase/weatherbycep.go:57.16,59.3 1 1
github.com/fabioods/go-expert-wheater-lab/internal/usecase/weatherbycep.go:61.2,69.8 4 1
github.com/fabioods/go-expert-wheater-lab/pkg/errorformated/errorformated.go:20.39,22.2 1 0
github.com/fabioods/go-expert-wheater-lab/pkg/errorformated/errorformated.go:24.41,25.33 1 0
github.com/fabioods/go-expert-wheater-lab/pkg/errorformated/errorformated.go:25.33,27.3 1 0
github.com/fabioods/go-expert-wheater-lab/pkg/errorformated/errorformated.go:28.2,28.17 1 0
github.com/fabioods/go-expert-wheater-lab/pkg/errorformated/errorformated.go:31.115,38.2 1 0
github.com/fabioods/go-expert-wheater-lab/pkg/errorformated/errorformated.go:40.113,47.2 1 1
github.com/fabioods/go-expert-wheater-lab/pkg/errorformated/errorformated.go:49.115,56.2 1 0
github.com/fabioods/go-expert-wheater-lab/pkg/errorformated/errorformated.go:58.123,65.2 1 1
github.com/fabioods/go-expert-wheater-lab/pkg/trace/trace.go:11.27,21.2 5 1
